<?xml version="1.0" encoding="UTF-8"?>
<!-- Generated by org.testng.reporters.JUnitReportReporter -->
<testsuite hostname="DESKTOP-252HS03" failures="0" tests="1" name="com.nickatwebautomation.AppTest" time="0.012" errors="0" timestamp="2023-12-24T06:24:46 IST" skipped="0">
  <testcase classname="com.nickatwebautomation.AppTest" name="testlogin1" time="0.012"/>
  <system-out/>
</testsuite> <!-- com.nickatwebautomation.AppTest -->
